# JRE version: OpenJDK Runtime Environment Temurin-17.0.11+9 (17.0.11+9) (build 17.0.11+9)
# Java VM: OpenJDK 64-Bit Server VM Temurin-17.0.11+9 (17.0.11+9, mixed mode, emulated-client, tiered, compressed oops, compressed class ptrs, g1 gc, windows-amd64)
GC Precious Log:
 CPUs: 8 total, 8 available
 Memory: 7103M
 Large Page Support: Disabled
 NUMA Support: Disabled
 Compressed Oops: Enabled (32-bit)
 Heap Region Size: 1M
 Heap Min Capacity: 8M
 Heap Initial Capacity: 112M
 Heap Max Capacity: 1G
 Pre-touch: Disabled
 Parallel Workers: 8
 Concurrent Workers: 2
 Concurrent Refinement Workers: 8
 Periodic GC: Disabled
Heap:
 garbage-first heap   total 75776K, used 39232K [0x00000000c0000000, 0x0000000100000000)
  region size 1024K, 1 young (1024K), 0 survivors (0K)
 Metaspace       used 61704K, committed 62080K, reserved 1114112K
  class space    used 7542K, committed 7680K, reserved 1048576K
GC Heap History (20 events):
Event: 245312.800 GC heap before
{Heap before GC invocations=1624 (full 1605):
 garbage-first heap   total 75776K, used 38866K [0x00000000c0000000, 0x0000000100000000)
  region size 1024K, 1 young (1024K), 0 survivors (0K)
 Metaspace       used 60930K, committed 61312K, reserved 1114112K
  class space    used 7401K, committed 7552K, reserved 1048576K
}
Event: 245312.844 GC heap after
{Heap after GC invocations=1625 (full 1606):
 garbage-first heap   total 75776K, used 38866K [0x00000000c0000000, 0x0000000100000000)
  region size 1024K, 0 young (0K), 0 survivors (0K)
 Metaspace       used 60930K, committed 61312K, reserved 1114112K
  class space    used 7401K, committed 7552K, reserved 1048576K
}
Event: 245323.217 GC heap before
{Heap before GC invocations=1625 (full 1606):
 garbage-first heap   total 75776K, used 38866K [0x00000000c0000000, 0x0000000100000000)
  region size 1024K, 1 young (1024K), 0 survivors (0K)
 Metaspace       used 60930K, committed 61312K, reserved 1114112K
  class space    used 7401K, committed 7552K, reserved 1048576K
}
Event: 245323.266 GC heap after
{Heap after GC invocations=1626 (full 1607):
 garbage-first heap   total 75776K, used 38866K [0x00000000c0000000, 0x0000000100000000)
  region size 1024K, 0 young (0K), 0 survivors (0K)
 Metaspace       used 60930K, committed 61312K, reserved 1114112K
  class space    used 7401K, committed 7552K, reserved 1048576K
}
Event: 245333.625 GC heap before
{Heap before GC invocations=1626 (full 1607):
 garbage-first heap   total 75776K, used 38866K [0x00000000c0000000, 0x0000000100000000)
  region size 1024K, 1 young (1024K), 0 survivors (0K)
 Metaspace       used 60930K, committed 61312K, reserved 1114112K
  class space    used 7401K, committed 7552K, reserved 1048576K
}
Event: 245333.687 GC heap after
{Heap after GC invocations=1627 (full 1608):
 garbage-first heap   total 75776K, used 38866K [0x00000000c0000000, 0x0000000100000000)
  region size 1024K, 0 young (0K), 0 survivors (0K)
 Metaspace       used 60930K, committed 61312K, reserved 1114112K
  class space    used 7401K, committed 7552K, reserved 1048576K
}
Event: 245344.005 GC heap before
{Heap before GC invocations=1627 (full 1608):
 garbage-first heap   total 75776K, used 38866K [0x00000000c0000000, 0x0000000100000000)
  region size 1024K, 1 young (1024K), 0 survivors (0K)
 Metaspace       used 60930K, committed 61312K, reserved 1114112K
  class space    used 7401K, committed 7552K, reserved 1048576K
}
Event: 245344.049 GC heap after
{Heap after GC invocations=1628 (full 1609):
 garbage-first heap   total 75776K, used 38866K [0x00000000c0000000, 0x0000000100000000)
  region size 1024K, 0 young (0K), 0 survivors (0K)
 Metaspace       used 60930K, committed 61312K, reserved 1114112K
  class space    used 7401K, committed 7552K, reserved 1048576K
}
Event: 245352.465 GC heap before
{Heap before GC invocations=1628 (full 1609):
 garbage-first heap   total 75776K, used 56274K [0x00000000c0000000, 0x0000000100000000)
  region size 1024K, 18 young (18432K), 0 survivors (0K)
 Metaspace       used 61084K, committed 61440K, reserved 1114112K
  class space    used 7440K, committed 7616K, reserved 1048576K
}
Event: 245352.471 GC heap after
{Heap after GC invocations=1629 (full 1609):
 garbage-first heap   total 75776K, used 41378K [0x00000000c0000000, 0x0000000100000000)
  region size 1024K, 3 young (3072K), 3 survivors (3072K)
 Metaspace       used 61084K, committed 61440K, reserved 1114112K
  class space    used 7440K, committed 7616K, reserved 1048576K
}
Event: 245363.263 GC heap before
{Heap before GC invocations=1630 (full 1609):
 garbage-first heap   total 75776K, used 58786K [0x00000000c0000000, 0x0000000100000000)
  region size 1024K, 20 young (20480K), 3 survivors (3072K)
 Metaspace       used 61358K, committed 61760K, reserved 1114112K
  class space    used 7479K, committed 7616K, reserved 1048576K
}
Event: 245363.270 GC heap after
{Heap after GC invocations=1631 (full 1609):
 garbage-first heap   total 75776K, used 41238K [0x00000000c0000000, 0x0000000100000000)
  region size 1024K, 1 young (1024K), 1 survivors (1024K)
 Metaspace       used 61358K, committed 61760K, reserved 1114112K
  class space    used 7479K, committed 7616K, reserved 1048576K
}
Event: 245414.561 GC heap before
{Heap before GC invocations=1631 (full 1609):
 garbage-first heap   total 75776K, used 48406K [0x00000000c0000000, 0x0000000100000000)
  region size 1024K, 9 young (9216K), 1 survivors (1024K)
 Metaspace       used 61708K, committed 62080K, reserved 1114112K
  class space    used 7542K, committed 7680K, reserved 1048576K
}
Event: 245414.618 GC heap after
{Heap after GC invocations=1632 (full 1610):
 garbage-first heap   total 75776K, used 40954K [0x00000000c0000000, 0x0000000100000000)
  region size 1024K, 0 young (0K), 0 survivors (0K)
 Metaspace       used 61708K, committed 62080K, reserved 1114112K
  class space    used 7542K, committed 7680K, reserved 1048576K
}
Event: 245424.970 GC heap before
{Heap before GC invocations=1632 (full 1610):
 garbage-first heap   total 75776K, used 40954K [0x00000000c0000000, 0x0000000100000000)
  region size 1024K, 1 young (1024K), 0 survivors (0K)
 Metaspace       used 61709K, committed 62080K, reserved 1114112K
  class space    used 7543K, committed 7680K, reserved 1048576K
}
Event: 245425.135 GC heap after
{Heap after GC invocations=1633 (full 1611):
 garbage-first heap   total 75776K, used 39233K [0x00000000c0000000, 0x0000000100000000)
  region size 1024K, 0 young (0K), 0 survivors (0K)
 Metaspace       used 61704K, committed 62080K, reserved 1114112K
  class space    used 7542K, committed 7680K, reserved 1048576K
}
Event: 245435.509 GC heap before
{Heap before GC invocations=1633 (full 1611):
 garbage-first heap   total 75776K, used 39233K [0x00000000c0000000, 0x0000000100000000)
  region size 1024K, 1 young (1024K), 0 survivors (0K)
 Metaspace       used 61704K, committed 62080K, reserved 1114112K
  class space    used 7542K, committed 7680K, reserved 1048576K
}
Event: 245435.568 GC heap after
{Heap after GC invocations=1634 (full 1612):
 garbage-first heap   total 75776K, used 39233K [0x00000000c0000000, 0x0000000100000000)
  region size 1024K, 0 young (0K), 0 survivors (0K)
 Metaspace       used 61704K, committed 62080K, reserved 1114112K
  class space    used 7542K, committed 7680K, reserved 1048576K
}
Event: 245445.908 GC heap before
{Heap before GC invocations=1634 (full 1612):
 garbage-first heap   total 75776K, used 39233K [0x00000000c0000000, 0x0000000100000000)
  region size 1024K, 1 young (1024K), 0 survivors (0K)
 Metaspace       used 61704K, committed 62080K, reserved 1114112K
  class space    used 7542K, committed 7680K, reserved 1048576K
}
Event: 245445.974 GC heap after
{Heap after GC invocations=1635 (full 1613):
 garbage-first heap   total 75776K, used 39232K [0x00000000c0000000, 0x0000000100000000)
  region size 1024K, 0 young (0K), 0 survivors (0K)
 Metaspace       used 61704K, committed 62080K, reserved 1114112K
  class space    used 7542K, committed 7680K, reserved 1048576K
}

